<?xml version="1.0" encoding="UTF-8" ?>
<testsuite errors="0" failures="0" hostname="MK04" name="at.mkritzl.ant.test.MySecondTest" skipped="0" tests="2" time="0.073" timestamp="2015-01-15T19:40:08">
  <properties>
[...]
</properties>
  <testcase classname="at.mkritzl.ant.test.MySecondTest" name="testBool" time="0.001" />
  <testcase classname="at.mkritzl.ant.test.MySecondTest" name="testName" time="0.003" />
  <system-out><![CDATA[]]></system-out>
  <system-err><![CDATA[]]></system-err>
</testsuite>
